{
"contracts/Abono.sol":{"l":{"18":3,"19":3,"23":2,"24":2,"28":2,"29":2,"33":3,"34":3,"38":5,"39":2,"41":0,"43":0,"45":1,"47":2,"51":2},"path":"/Users/dvm/Documents/Development/WorkspaceEB/TFE/TruffleProject/contracts/Abono.sol","s":{"1":3,"2":2,"3":2,"4":2,"5":3,"6":3,"7":5,"8":2,"9":3,"10":0,"11":3,"12":0,"13":3,"14":1,"15":2,"16":2},"b":{"1":[3,0],"2":[2,0],"3":[2,3],"4":[0,3],"5":[0,3],"6":[1,2]},"f":{"1":3,"2":2,"3":2,"4":3,"5":5,"6":2},"fnMap":{"1":{"name":"soloAbonadoYTemporada","line":17,"loc":{"start":{"line":17,"column":4},"end":{"line":20,"column":4}}},"2":{"name":"soloTemporada","line":22,"loc":{"start":{"line":22,"column":4},"end":{"line":25,"column":4}}},"3":{"name":"constructor","line":27,"loc":{"start":{"line":27,"column":4},"end":{"line":30,"column":4}}},"4":{"name":"actualizaFechas","line":32,"loc":{"start":{"line":32,"column":4},"end":{"line":35,"column":4}}},"5":{"name":"estaDisponibleAlquiler","line":37,"loc":{"start":{"line":37,"column":4},"end":{"line":48,"column":4}}},"6":{"name":"estableceAlquier","line":50,"loc":{"start":{"line":50,"column":4},"end":{"line":52,"column":4}}}},"statementMap":{"1":{"start":{"line":18,"column":8},"end":{"line":18,"column":406}},"2":{"start":{"line":23,"column":8},"end":{"line":23,"column":523}},"3":{"start":{"line":28,"column":5},"end":{"line":28,"column":26}},"4":{"start":{"line":29,"column":5},"end":{"line":29,"column":22}},"5":{"start":{"line":33,"column":8},"end":{"line":33,"column":54}},"6":{"start":{"line":34,"column":8},"end":{"line":34,"column":54}},"7":{"start":{"line":38,"column":8},"end":{"line":38,"column":1069}},"8":{"start":{"line":39,"column":9},"end":{"line":39,"column":21}},"9":{"start":{"line":40,"column":14},"end":{"line":40,"column":1163}},"10":{"start":{"line":41,"column":9},"end":{"line":41,"column":59}},"11":{"start":{"line":42,"column":14},"end":{"line":42,"column":1324}},"12":{"start":{"line":43,"column":9},"end":{"line":43,"column":59}},"13":{"start":{"line":44,"column":14},"end":{"line":44,"column":1485}},"14":{"start":{"line":45,"column":9},"end":{"line":45,"column":106}},"15":{"start":{"line":47,"column":7},"end":{"line":47,"column":19}},"16":{"start":{"line":51,"column":5},"end":{"line":51,"column":57}}},"branchMap":{"1":{"line":18,"type":"if","locations":[{"start":{"line":18,"column":8},"end":{"line":18,"column":8}},{"start":{"line":18,"column":8},"end":{"line":18,"column":8}}]},"2":{"line":23,"type":"if","locations":[{"start":{"line":23,"column":8},"end":{"line":23,"column":8}},{"start":{"line":23,"column":8},"end":{"line":23,"column":8}}]},"3":{"line":38,"type":"if","locations":[{"start":{"line":38,"column":8},"end":{"line":38,"column":8}},{"start":{"line":38,"column":8},"end":{"line":38,"column":8}}]},"4":{"line":40,"type":"if","locations":[{"start":{"line":40,"column":14},"end":{"line":40,"column":14}},{"start":{"line":40,"column":14},"end":{"line":40,"column":14}}]},"5":{"line":42,"type":"if","locations":[{"start":{"line":42,"column":14},"end":{"line":42,"column":14}},{"start":{"line":42,"column":14},"end":{"line":42,"column":14}}]},"6":{"line":44,"type":"if","locations":[{"start":{"line":44,"column":14},"end":{"line":44,"column":14}},{"start":{"line":44,"column":14},"end":{"line":44,"column":14}}]}}},
"contracts/contracts/introspection/ERC165.sol":{"l":{"30":8,"41":0,"50":24,"51":24},"path":"/Users/dvm/Documents/Development/WorkspaceEB/TFE/TruffleProject/contracts/contracts/introspection/ERC165.sol","s":{"1":8,"2":0,"3":24,"4":24},"b":{"1":[24,0]},"f":{"1":8,"2":0,"3":24},"fnMap":{"1":{"name":"constructor","line":27,"loc":{"start":{"line":27,"column":2},"end":{"line":31,"column":2}}},"2":{"name":"supportsInterface","line":36,"loc":{"start":{"line":36,"column":2},"end":{"line":42,"column":2}}},"3":{"name":"_registerInterface","line":47,"loc":{"start":{"line":47,"column":2},"end":{"line":52,"column":2}}}},"statementMap":{"1":{"start":{"line":30,"column":4},"end":{"line":30,"column":42}},"2":{"start":{"line":41,"column":4},"end":{"line":41,"column":44}},"3":{"start":{"line":50,"column":4},"end":{"line":50,"column":37}},"4":{"start":{"line":51,"column":4},"end":{"line":51,"column":43}}},"branchMap":{"1":{"line":50,"type":"if","locations":[{"start":{"line":50,"column":4},"end":{"line":50,"column":4}},{"start":{"line":50,"column":4},"end":{"line":50,"column":4}}]}}},
"contracts/contracts/introspection/IERC165.sol":{"l":{},"path":"/Users/dvm/Documents/Development/WorkspaceEB/TFE/TruffleProject/contracts/contracts/introspection/IERC165.sol","s":{},"b":{},"f":{},"fnMap":{},"statementMap":{},"branchMap":{}},
"contracts/contracts/math/SafeMath.sol":{"l":{"16":0,"17":0,"20":0,"21":0,"23":0,"30":0,"31":0,"34":0,"41":12,"42":12,"44":12,"51":20,"52":20,"54":20,"62":0,"63":0},"path":"/Users/dvm/Documents/Development/WorkspaceEB/TFE/TruffleProject/contracts/contracts/math/SafeMath.sol","s":{"1":0,"2":0,"3":0,"4":0,"5":0,"6":0,"7":0,"8":0,"9":12,"10":12,"11":12,"12":20,"13":20,"14":20,"15":0,"16":0},"b":{"1":[0,0],"2":[0,0],"3":[0,0],"4":[12,0],"5":[20,0],"6":[0,0]},"f":{"1":0,"2":0,"3":12,"4":20,"5":0},"fnMap":{"1":{"name":"mul","line":12,"loc":{"start":{"line":12,"column":2},"end":{"line":24,"column":2}}},"2":{"name":"div","line":29,"loc":{"start":{"line":29,"column":2},"end":{"line":35,"column":2}}},"3":{"name":"sub","line":40,"loc":{"start":{"line":40,"column":2},"end":{"line":45,"column":2}}},"4":{"name":"add","line":50,"loc":{"start":{"line":50,"column":2},"end":{"line":55,"column":2}}},"5":{"name":"mod","line":61,"loc":{"start":{"line":61,"column":2},"end":{"line":64,"column":2}}}},"statementMap":{"1":{"start":{"line":16,"column":4},"end":{"line":16,"column":487}},"2":{"start":{"line":17,"column":6},"end":{"line":17,"column":14}},"3":{"start":{"line":20,"column":4},"end":{"line":20,"column":21}},"4":{"start":{"line":21,"column":4},"end":{"line":21,"column":22}},"5":{"start":{"line":23,"column":4},"end":{"line":23,"column":12}},"6":{"start":{"line":30,"column":4},"end":{"line":30,"column":17}},"7":{"start":{"line":31,"column":4},"end":{"line":31,"column":21}},"8":{"start":{"line":34,"column":4},"end":{"line":34,"column":12}},"9":{"start":{"line":41,"column":4},"end":{"line":41,"column":18}},"10":{"start":{"line":42,"column":4},"end":{"line":42,"column":21}},"11":{"start":{"line":44,"column":4},"end":{"line":44,"column":12}},"12":{"start":{"line":51,"column":4},"end":{"line":51,"column":21}},"13":{"start":{"line":52,"column":4},"end":{"line":52,"column":18}},"14":{"start":{"line":54,"column":4},"end":{"line":54,"column":12}},"15":{"start":{"line":62,"column":4},"end":{"line":62,"column":18}},"16":{"start":{"line":63,"column":4},"end":{"line":63,"column":16}}},"branchMap":{"1":{"line":16,"type":"if","locations":[{"start":{"line":16,"column":4},"end":{"line":16,"column":4}},{"start":{"line":16,"column":4},"end":{"line":16,"column":4}}]},"2":{"line":21,"type":"if","locations":[{"start":{"line":21,"column":4},"end":{"line":21,"column":4}},{"start":{"line":21,"column":4},"end":{"line":21,"column":4}}]},"3":{"line":30,"type":"if","locations":[{"start":{"line":30,"column":4},"end":{"line":30,"column":4}},{"start":{"line":30,"column":4},"end":{"line":30,"column":4}}]},"4":{"line":41,"type":"if","locations":[{"start":{"line":41,"column":4},"end":{"line":41,"column":4}},{"start":{"line":41,"column":4},"end":{"line":41,"column":4}}]},"5":{"line":52,"type":"if","locations":[{"start":{"line":52,"column":4},"end":{"line":52,"column":4}},{"start":{"line":52,"column":4},"end":{"line":52,"column":4}}]},"6":{"line":62,"type":"if","locations":[{"start":{"line":62,"column":4},"end":{"line":62,"column":4}},{"start":{"line":62,"column":4},"end":{"line":62,"column":4}}]}}},
"contracts/contracts/token/ERC20/ERC20.sol":{"l":{"26":0,"35":7,"52":0,"61":0,"62":0,"75":4,"77":4,"78":4,"79":4,"96":6,"98":6,"99":6,"100":6,"119":0,"121":0,"123":0,"124":0,"143":0,"145":0,"147":0,"148":0,"158":6,"159":6,"161":6,"162":6,"163":6,"174":3,"175":3,"176":3,"177":3,"187":0,"188":0,"190":0,"191":0,"192":0,"203":0,"207":0,"209":0},"path":"/Users/dvm/Documents/Development/WorkspaceEB/TFE/TruffleProject/contracts/contracts/token/ERC20/ERC20.sol","s":{"1":0,"2":7,"3":0,"4":0,"5":0,"6":4,"7":4,"8":4,"9":4,"10":6,"11":6,"12":6,"13":6,"14":0,"15":0,"16":0,"17":0,"18":0,"19":0,"20":0,"21":0,"22":6,"23":6,"24":6,"25":6,"26":6,"27":3,"28":3,"29":3,"30":3,"31":0,"32":0,"33":0,"34":0,"35":0,"36":0,"37":0,"38":0},"b":{"1":[4,0],"2":[6,0],"3":[0,0],"4":[0,0],"5":[6,0],"6":[6,0],"7":[3,0],"8":[0,0],"9":[0,0],"10":[0,0]},"f":{"1":0,"2":7,"3":0,"4":0,"5":4,"6":6,"7":0,"8":0,"9":6,"10":3,"11":0,"12":0},"fnMap":{"1":{"name":"totalSupply","line":25,"loc":{"start":{"line":25,"column":2},"end":{"line":27,"column":2}}},"2":{"name":"balanceOf","line":34,"loc":{"start":{"line":34,"column":2},"end":{"line":36,"column":2}}},"3":{"name":"allowance","line":44,"loc":{"start":{"line":44,"column":2},"end":{"line":53,"column":2}}},"4":{"name":"transfer","line":60,"loc":{"start":{"line":60,"column":2},"end":{"line":63,"column":2}}},"5":{"name":"approve","line":74,"loc":{"start":{"line":74,"column":2},"end":{"line":80,"column":2}}},"6":{"name":"transferFrom","line":88,"loc":{"start":{"line":88,"column":2},"end":{"line":101,"column":2}}},"7":{"name":"increaseAllowance","line":112,"loc":{"start":{"line":112,"column":2},"end":{"line":125,"column":2}}},"8":{"name":"decreaseAllowance","line":136,"loc":{"start":{"line":136,"column":2},"end":{"line":149,"column":2}}},"9":{"name":"_transfer","line":157,"loc":{"start":{"line":157,"column":2},"end":{"line":164,"column":2}}},"10":{"name":"_mint","line":173,"loc":{"start":{"line":173,"column":2},"end":{"line":178,"column":2}}},"11":{"name":"_burn","line":186,"loc":{"start":{"line":186,"column":2},"end":{"line":193,"column":2}}},"12":{"name":"_burnFrom","line":202,"loc":{"start":{"line":202,"column":2},"end":{"line":210,"column":2}}}},"statementMap":{"1":{"start":{"line":26,"column":4},"end":{"line":26,"column":23}},"2":{"start":{"line":35,"column":4},"end":{"line":35,"column":27}},"3":{"start":{"line":52,"column":4},"end":{"line":52,"column":35}},"4":{"start":{"line":61,"column":4},"end":{"line":61,"column":35}},"5":{"start":{"line":62,"column":4},"end":{"line":62,"column":15}},"6":{"start":{"line":75,"column":4},"end":{"line":75,"column":33}},"7":{"start":{"line":77,"column":4},"end":{"line":77,"column":40}},"8":{"start":{"line":78,"column":4},"end":{"line":78,"column":45}},"9":{"start":{"line":79,"column":4},"end":{"line":79,"column":15}},"10":{"start":{"line":96,"column":4},"end":{"line":96,"column":47}},"11":{"start":{"line":98,"column":4},"end":{"line":98,"column":69}},"12":{"start":{"line":99,"column":4},"end":{"line":99,"column":29}},"13":{"start":{"line":100,"column":4},"end":{"line":100,"column":15}},"14":{"start":{"line":119,"column":4},"end":{"line":119,"column":33}},"15":{"start":{"line":121,"column":4},"end":{"line":121,"column":3814}},"16":{"start":{"line":123,"column":4},"end":{"line":123,"column":69}},"17":{"start":{"line":124,"column":4},"end":{"line":124,"column":15}},"18":{"start":{"line":143,"column":4},"end":{"line":143,"column":33}},"19":{"start":{"line":145,"column":4},"end":{"line":145,"column":4610}},"20":{"start":{"line":147,"column":4},"end":{"line":147,"column":69}},"21":{"start":{"line":148,"column":4},"end":{"line":148,"column":15}},"22":{"start":{"line":158,"column":4},"end":{"line":158,"column":36}},"23":{"start":{"line":159,"column":4},"end":{"line":159,"column":28}},"24":{"start":{"line":161,"column":4},"end":{"line":161,"column":47}},"25":{"start":{"line":162,"column":4},"end":{"line":162,"column":43}},"26":{"start":{"line":163,"column":4},"end":{"line":163,"column":34}},"27":{"start":{"line":174,"column":4},"end":{"line":174,"column":24}},"28":{"start":{"line":175,"column":4},"end":{"line":175,"column":41}},"29":{"start":{"line":176,"column":4},"end":{"line":176,"column":53}},"30":{"start":{"line":177,"column":4},"end":{"line":177,"column":45}},"31":{"start":{"line":187,"column":4},"end":{"line":187,"column":24}},"32":{"start":{"line":188,"column":4},"end":{"line":188,"column":39}},"33":{"start":{"line":190,"column":4},"end":{"line":190,"column":41}},"34":{"start":{"line":191,"column":4},"end":{"line":191,"column":53}},"35":{"start":{"line":192,"column":4},"end":{"line":192,"column":45}},"36":{"start":{"line":203,"column":4},"end":{"line":203,"column":50}},"37":{"start":{"line":207,"column":4},"end":{"line":207,"column":6863}},"38":{"start":{"line":209,"column":4},"end":{"line":209,"column":24}}},"branchMap":{"1":{"line":75,"type":"if","locations":[{"start":{"line":75,"column":4},"end":{"line":75,"column":4}},{"start":{"line":75,"column":4},"end":{"line":75,"column":4}}]},"2":{"line":96,"type":"if","locations":[{"start":{"line":96,"column":4},"end":{"line":96,"column":4}},{"start":{"line":96,"column":4},"end":{"line":96,"column":4}}]},"3":{"line":119,"type":"if","locations":[{"start":{"line":119,"column":4},"end":{"line":119,"column":4}},{"start":{"line":119,"column":4},"end":{"line":119,"column":4}}]},"4":{"line":143,"type":"if","locations":[{"start":{"line":143,"column":4},"end":{"line":143,"column":4}},{"start":{"line":143,"column":4},"end":{"line":143,"column":4}}]},"5":{"line":158,"type":"if","locations":[{"start":{"line":158,"column":4},"end":{"line":158,"column":4}},{"start":{"line":158,"column":4},"end":{"line":158,"column":4}}]},"6":{"line":159,"type":"if","locations":[{"start":{"line":159,"column":4},"end":{"line":159,"column":4}},{"start":{"line":159,"column":4},"end":{"line":159,"column":4}}]},"7":{"line":174,"type":"if","locations":[{"start":{"line":174,"column":4},"end":{"line":174,"column":4}},{"start":{"line":174,"column":4},"end":{"line":174,"column":4}}]},"8":{"line":187,"type":"if","locations":[{"start":{"line":187,"column":4},"end":{"line":187,"column":4}},{"start":{"line":187,"column":4},"end":{"line":187,"column":4}}]},"9":{"line":188,"type":"if","locations":[{"start":{"line":188,"column":4},"end":{"line":188,"column":4}},{"start":{"line":188,"column":4},"end":{"line":188,"column":4}}]},"10":{"line":203,"type":"if","locations":[{"start":{"line":203,"column":4},"end":{"line":203,"column":4}},{"start":{"line":203,"column":4},"end":{"line":203,"column":4}}]}}},
"contracts/contracts/token/ERC20/IERC20.sol":{"l":{},"path":"/Users/dvm/Documents/Development/WorkspaceEB/TFE/TruffleProject/contracts/contracts/token/ERC20/IERC20.sol","s":{},"b":{},"f":{},"fnMap":{},"statementMap":{},"branchMap":{}},
"contracts/contracts/token/ERC721/ERC721.sol":{"l":{"52":8,"61":0,"62":0,"71":0,"72":0,"73":0,"85":0,"86":0,"87":0,"89":0,"90":0,"100":0,"101":0,"111":0,"112":0,"113":0,"130":0,"148":0,"149":0,"151":0,"152":0,"153":0,"155":0,"178":0,"201":0,"203":0,"212":8,"213":8,"231":0,"235":0,"249":8,"250":8,"251":8,"260":0,"261":0,"262":0,"273":8,"274":8,"275":8,"287":0,"288":0,"289":0,"310":0,"311":0,"313":0,"315":0,"325":0,"326":0,"327":0},"path":"/Users/dvm/Documents/Development/WorkspaceEB/TFE/TruffleProject/contracts/contracts/token/ERC721/ERC721.sol","s":{"1":8,"2":0,"3":0,"4":0,"5":0,"6":0,"7":0,"8":0,"9":0,"10":0,"11":0,"12":0,"13":0,"14":0,"15":0,"16":0,"17":0,"18":0,"19":0,"20":0,"21":0,"22":0,"23":0,"24":0,"25":0,"26":0,"27":8,"28":8,"29":0,"30":0,"31":8,"32":8,"33":8,"34":0,"35":0,"36":0,"37":8,"38":8,"39":8,"40":0,"41":0,"42":0,"43":0,"44":0,"45":0,"46":0,"47":0,"48":0,"49":0},"b":{"1":[0,0],"2":[0,0],"3":[0,0],"4":[0,0],"5":[0,0],"6":[0,0],"7":[0,0],"8":[0,0],"9":[0,0],"10":[8,0],"11":[8,0],"12":[0,0],"13":[0,0],"14":[0,0],"15":[0,0]},"f":{"1":8,"2":0,"3":0,"4":0,"5":0,"6":0,"7":0,"8":0,"9":0,"10":0,"11":8,"12":0,"13":8,"14":0,"15":8,"16":0,"17":0,"18":0},"fnMap":{"1":{"name":"constructor","line":48,"loc":{"start":{"line":48,"column":2},"end":{"line":53,"column":2}}},"2":{"name":"balanceOf","line":60,"loc":{"start":{"line":60,"column":2},"end":{"line":63,"column":2}}},"3":{"name":"ownerOf","line":70,"loc":{"start":{"line":70,"column":2},"end":{"line":74,"column":2}}},"4":{"name":"approve","line":84,"loc":{"start":{"line":84,"column":2},"end":{"line":91,"column":2}}},"5":{"name":"getApproved","line":99,"loc":{"start":{"line":99,"column":2},"end":{"line":102,"column":2}}},"6":{"name":"setApprovalForAll","line":110,"loc":{"start":{"line":110,"column":2},"end":{"line":114,"column":2}}},"7":{"name":"isApprovedForAll","line":122,"loc":{"start":{"line":122,"column":2},"end":{"line":131,"column":2}}},"8":{"name":"transferFrom","line":141,"loc":{"start":{"line":141,"column":2},"end":{"line":156,"column":2}}},"9":{"name":"safeTransferFrom","line":170,"loc":{"start":{"line":170,"column":2},"end":{"line":179,"column":2}}},"10":{"name":"safeTransferFrom","line":193,"loc":{"start":{"line":193,"column":2},"end":{"line":204,"column":2}}},"11":{"name":"_exists","line":211,"loc":{"start":{"line":211,"column":2},"end":{"line":214,"column":2}}},"12":{"name":"_isApprovedOrOwner","line":223,"loc":{"start":{"line":223,"column":2},"end":{"line":240,"column":2}}},"13":{"name":"_mint","line":248,"loc":{"start":{"line":248,"column":2},"end":{"line":252,"column":2}}},"14":{"name":"_burn","line":259,"loc":{"start":{"line":259,"column":2},"end":{"line":263,"column":2}}},"15":{"name":"_addTokenTo","line":272,"loc":{"start":{"line":272,"column":2},"end":{"line":276,"column":2}}},"16":{"name":"_removeTokenFrom","line":286,"loc":{"start":{"line":286,"column":2},"end":{"line":290,"column":2}}},"17":{"name":"_checkOnERC721Received","line":301,"loc":{"start":{"line":301,"column":2},"end":{"line":316,"column":2}}},"18":{"name":"_clearApproval","line":324,"loc":{"start":{"line":324,"column":2},"end":{"line":329,"column":2}}}},"statementMap":{"1":{"start":{"line":52,"column":4},"end":{"line":52,"column":42}},"2":{"start":{"line":61,"column":4},"end":{"line":61,"column":31}},"3":{"start":{"line":62,"column":4},"end":{"line":62,"column":35}},"4":{"start":{"line":71,"column":4},"end":{"line":71,"column":40}},"5":{"start":{"line":72,"column":4},"end":{"line":72,"column":31}},"6":{"start":{"line":73,"column":4},"end":{"line":73,"column":16}},"7":{"start":{"line":85,"column":4},"end":{"line":85,"column":36}},"8":{"start":{"line":86,"column":4},"end":{"line":86,"column":23}},"9":{"start":{"line":87,"column":4},"end":{"line":87,"column":70}},"10":{"start":{"line":89,"column":4},"end":{"line":89,"column":32}},"11":{"start":{"line":90,"column":4},"end":{"line":90,"column":37}},"12":{"start":{"line":100,"column":4},"end":{"line":100,"column":28}},"13":{"start":{"line":101,"column":4},"end":{"line":101,"column":35}},"14":{"start":{"line":111,"column":4},"end":{"line":111,"column":28}},"15":{"start":{"line":112,"column":4},"end":{"line":112,"column":48}},"16":{"start":{"line":113,"column":4},"end":{"line":113,"column":49}},"17":{"start":{"line":130,"column":4},"end":{"line":130,"column":46}},"18":{"start":{"line":148,"column":4},"end":{"line":148,"column":51}},"19":{"start":{"line":149,"column":4},"end":{"line":149,"column":28}},"20":{"start":{"line":151,"column":4},"end":{"line":151,"column":32}},"21":{"start":{"line":152,"column":4},"end":{"line":152,"column":34}},"22":{"start":{"line":153,"column":4},"end":{"line":153,"column":27}},"23":{"start":{"line":155,"column":4},"end":{"line":155,"column":36}},"24":{"start":{"line":178,"column":4},"end":{"line":178,"column":42}},"25":{"start":{"line":201,"column":4},"end":{"line":201,"column":34}},"26":{"start":{"line":203,"column":4},"end":{"line":203,"column":60}},"27":{"start":{"line":212,"column":4},"end":{"line":212,"column":40}},"28":{"start":{"line":213,"column":4},"end":{"line":213,"column":30}},"29":{"start":{"line":231,"column":4},"end":{"line":231,"column":36}},"30":{"start":{"line":235,"column":4},"end":{"line":235,"column":8084}},"31":{"start":{"line":249,"column":4},"end":{"line":249,"column":28}},"32":{"start":{"line":250,"column":4},"end":{"line":250,"column":27}},"33":{"start":{"line":251,"column":4},"end":{"line":251,"column":42}},"34":{"start":{"line":260,"column":4},"end":{"line":260,"column":33}},"35":{"start":{"line":261,"column":4},"end":{"line":261,"column":35}},"36":{"start":{"line":262,"column":4},"end":{"line":262,"column":45}},"37":{"start":{"line":273,"column":4},"end":{"line":273,"column":46}},"38":{"start":{"line":274,"column":4},"end":{"line":274,"column":28}},"39":{"start":{"line":275,"column":4},"end":{"line":275,"column":55}},"40":{"start":{"line":287,"column":4},"end":{"line":287,"column":36}},"41":{"start":{"line":288,"column":4},"end":{"line":288,"column":59}},"42":{"start":{"line":289,"column":4},"end":{"line":289,"column":36}},"43":{"start":{"line":310,"column":4},"end":{"line":310,"column":11003}},"44":{"start":{"line":311,"column":6},"end":{"line":311,"column":17}},"45":{"start":{"line":313,"column":4},"end":{"line":313,"column":11091}},"46":{"start":{"line":315,"column":4},"end":{"line":315,"column":39}},"47":{"start":{"line":325,"column":4},"end":{"line":325,"column":37}},"48":{"start":{"line":326,"column":4},"end":{"line":326,"column":11564}},"49":{"start":{"line":327,"column":6},"end":{"line":327,"column":42}}},"branchMap":{"1":{"line":61,"type":"if","locations":[{"start":{"line":61,"column":4},"end":{"line":61,"column":4}},{"start":{"line":61,"column":4},"end":{"line":61,"column":4}}]},"2":{"line":72,"type":"if","locations":[{"start":{"line":72,"column":4},"end":{"line":72,"column":4}},{"start":{"line":72,"column":4},"end":{"line":72,"column":4}}]},"3":{"line":86,"type":"if","locations":[{"start":{"line":86,"column":4},"end":{"line":86,"column":4}},{"start":{"line":86,"column":4},"end":{"line":86,"column":4}}]},"4":{"line":87,"type":"if","locations":[{"start":{"line":87,"column":4},"end":{"line":87,"column":4}},{"start":{"line":87,"column":4},"end":{"line":87,"column":4}}]},"5":{"line":100,"type":"if","locations":[{"start":{"line":100,"column":4},"end":{"line":100,"column":4}},{"start":{"line":100,"column":4},"end":{"line":100,"column":4}}]},"6":{"line":111,"type":"if","locations":[{"start":{"line":111,"column":4},"end":{"line":111,"column":4}},{"start":{"line":111,"column":4},"end":{"line":111,"column":4}}]},"7":{"line":148,"type":"if","locations":[{"start":{"line":148,"column":4},"end":{"line":148,"column":4}},{"start":{"line":148,"column":4},"end":{"line":148,"column":4}}]},"8":{"line":149,"type":"if","locations":[{"start":{"line":149,"column":4},"end":{"line":149,"column":4}},{"start":{"line":149,"column":4},"end":{"line":149,"column":4}}]},"9":{"line":203,"type":"if","locations":[{"start":{"line":203,"column":4},"end":{"line":203,"column":4}},{"start":{"line":203,"column":4},"end":{"line":203,"column":4}}]},"10":{"line":249,"type":"if","locations":[{"start":{"line":249,"column":4},"end":{"line":249,"column":4}},{"start":{"line":249,"column":4},"end":{"line":249,"column":4}}]},"11":{"line":273,"type":"if","locations":[{"start":{"line":273,"column":4},"end":{"line":273,"column":4}},{"start":{"line":273,"column":4},"end":{"line":273,"column":4}}]},"12":{"line":287,"type":"if","locations":[{"start":{"line":287,"column":4},"end":{"line":287,"column":4}},{"start":{"line":287,"column":4},"end":{"line":287,"column":4}}]},"13":{"line":310,"type":"if","locations":[{"start":{"line":310,"column":4},"end":{"line":310,"column":4}},{"start":{"line":310,"column":4},"end":{"line":310,"column":4}}]},"14":{"line":325,"type":"if","locations":[{"start":{"line":325,"column":4},"end":{"line":325,"column":4}},{"start":{"line":325,"column":4},"end":{"line":325,"column":4}}]},"15":{"line":326,"type":"if","locations":[{"start":{"line":326,"column":4},"end":{"line":326,"column":4}},{"start":{"line":326,"column":4},"end":{"line":326,"column":4}}]}}},
"contracts/contracts/token/ERC721/ERC721Metadata.sol":{"l":{"29":8,"30":8,"33":8,"41":0,"49":0,"58":0,"59":0,"69":8,"70":8,"80":0,"83":0,"84":0},"path":"/Users/dvm/Documents/Development/WorkspaceEB/TFE/TruffleProject/contracts/contracts/token/ERC721/ERC721Metadata.sol","s":{"1":8,"2":8,"3":8,"4":0,"5":0,"6":0,"7":0,"8":8,"9":8,"10":0,"11":0},"b":{"1":[0,0],"2":[8,0],"3":[0,0]},"f":{"1":8,"2":0,"3":0,"4":0,"5":8,"6":0},"fnMap":{"1":{"name":"constructor","line":28,"loc":{"start":{"line":28,"column":2},"end":{"line":34,"column":2}}},"2":{"name":"name","line":40,"loc":{"start":{"line":40,"column":2},"end":{"line":42,"column":2}}},"3":{"name":"symbol","line":48,"loc":{"start":{"line":48,"column":2},"end":{"line":50,"column":2}}},"4":{"name":"tokenURI","line":57,"loc":{"start":{"line":57,"column":2},"end":{"line":60,"column":2}}},"5":{"name":"_setTokenURI","line":68,"loc":{"start":{"line":68,"column":2},"end":{"line":71,"column":2}}},"6":{"name":"_burn","line":79,"loc":{"start":{"line":79,"column":2},"end":{"line":86,"column":2}}}},"statementMap":{"1":{"start":{"line":29,"column":4},"end":{"line":29,"column":15}},"2":{"start":{"line":30,"column":4},"end":{"line":30,"column":19}},"3":{"start":{"line":33,"column":4},"end":{"line":33,"column":49}},"4":{"start":{"line":41,"column":4},"end":{"line":41,"column":16}},"5":{"start":{"line":49,"column":4},"end":{"line":49,"column":18}},"6":{"start":{"line":58,"column":4},"end":{"line":58,"column":28}},"7":{"start":{"line":59,"column":4},"end":{"line":59,"column":30}},"8":{"start":{"line":69,"column":4},"end":{"line":69,"column":28}},"9":{"start":{"line":70,"column":4},"end":{"line":70,"column":28}},"10":{"start":{"line":80,"column":4},"end":{"line":80,"column":30}},"11":{"start":{"line":83,"column":4},"end":{"line":83,"column":2211}}},"branchMap":{"1":{"line":58,"type":"if","locations":[{"start":{"line":58,"column":4},"end":{"line":58,"column":4}},{"start":{"line":58,"column":4},"end":{"line":58,"column":4}}]},"2":{"line":69,"type":"if","locations":[{"start":{"line":69,"column":4},"end":{"line":69,"column":4}},{"start":{"line":69,"column":4},"end":{"line":69,"column":4}}]},"3":{"line":83,"type":"if","locations":[{"start":{"line":83,"column":4},"end":{"line":83,"column":4}},{"start":{"line":83,"column":4},"end":{"line":83,"column":4}}]}}},
"contracts/contracts/token/ERC721/IERC721.sol":{"l":{},"path":"/Users/dvm/Documents/Development/WorkspaceEB/TFE/TruffleProject/contracts/contracts/token/ERC721/IERC721.sol","s":{},"b":{},"f":{},"fnMap":{},"statementMap":{},"branchMap":{}},
"contracts/contracts/token/ERC721/IERC721Metadata.sol":{"l":{},"path":"/Users/dvm/Documents/Development/WorkspaceEB/TFE/TruffleProject/contracts/contracts/token/ERC721/IERC721Metadata.sol","s":{},"b":{},"f":{},"fnMap":{},"statementMap":{},"branchMap":{}},
"contracts/contracts/token/ERC721/IERC721Receiver.sol":{"l":{},"path":"/Users/dvm/Documents/Development/WorkspaceEB/TFE/TruffleProject/contracts/contracts/token/ERC721/IERC721Receiver.sol","s":{},"b":{},"f":{},"fnMap":{},"statementMap":{},"branchMap":{}},
"contracts/contracts/utils/Address.sol":{"l":{"16":0,"24":0,"25":0},"path":"/Users/dvm/Documents/Development/WorkspaceEB/TFE/TruffleProject/contracts/contracts/utils/Address.sol","s":{"1":0,"2":0},"b":{},"f":{"1":0},"fnMap":{"1":{"name":"isContract","line":15,"loc":{"start":{"line":15,"column":2},"end":{"line":26,"column":2}}}},"statementMap":{"1":{"start":{"line":16,"column":4},"end":{"line":16,"column":16}},"2":{"start":{"line":25,"column":4},"end":{"line":25,"column":19}}},"branchMap":{}},
"contracts/DAbono.sol":{"l":{"11":3},"path":"/Users/dvm/Documents/Development/WorkspaceEB/TFE/TruffleProject/contracts/DAbono.sol","s":{"1":3},"b":{},"f":{"1":3},"fnMap":{"1":{"name":"constructor","line":10,"loc":{"start":{"line":10,"column":4},"end":{"line":12,"column":4}}}},"statementMap":{"1":{"start":{"line":11,"column":8},"end":{"line":11,"column":38}}},"branchMap":{}},
"contracts/DatosTemporada.sol":{"l":{"24":2,"25":2,"29":2,"30":2,"34":3,"35":1},"path":"/Users/dvm/Documents/Development/WorkspaceEB/TFE/TruffleProject/contracts/DatosTemporada.sol","s":{"1":2,"2":2,"3":2,"4":2,"5":3,"6":1},"b":{"1":[2,0],"2":[2,0],"3":[1,2]},"f":{"1":2,"2":2,"3":3},"fnMap":{"1":{"name":"iniciaPeriodoAbono","line":23,"loc":{"start":{"line":23,"column":4},"end":{"line":26,"column":4}}},"2":{"name":"iniciaTemporada","line":28,"loc":{"start":{"line":28,"column":4},"end":{"line":31,"column":4}}},"3":{"name":"finalizaTemporada","line":33,"loc":{"start":{"line":33,"column":4},"end":{"line":36,"column":4}}}},"statementMap":{"1":{"start":{"line":24,"column":5},"end":{"line":24,"column":108}},"2":{"start":{"line":25,"column":5},"end":{"line":25,"column":31}},"3":{"start":{"line":29,"column":5},"end":{"line":29,"column":71}},"4":{"start":{"line":30,"column":5},"end":{"line":30,"column":34}},"5":{"start":{"line":34,"column":5},"end":{"line":34,"column":75}},"6":{"start":{"line":35,"column":5},"end":{"line":35,"column":36}}},"branchMap":{"1":{"line":24,"type":"if","locations":[{"start":{"line":24,"column":5},"end":{"line":24,"column":5}},{"start":{"line":24,"column":5},"end":{"line":24,"column":5}}]},"2":{"line":29,"type":"if","locations":[{"start":{"line":29,"column":5},"end":{"line":29,"column":5}},{"start":{"line":29,"column":5},"end":{"line":29,"column":5}}]},"3":{"line":34,"type":"if","locations":[{"start":{"line":34,"column":5},"end":{"line":34,"column":5}},{"start":{"line":34,"column":5},"end":{"line":34,"column":5}}]}}},
"contracts/Espectaculo.sol":{"l":{"11":3,"12":3},"path":"/Users/dvm/Documents/Development/WorkspaceEB/TFE/TruffleProject/contracts/Espectaculo.sol","s":{"1":3,"2":3},"b":{},"f":{"1":3},"fnMap":{"1":{"name":"constructor","line":10,"loc":{"start":{"line":10,"column":4},"end":{"line":13,"column":4}}}},"statementMap":{"1":{"start":{"line":11,"column":6},"end":{"line":11,"column":41}},"2":{"start":{"line":12,"column":6},"end":{"line":12,"column":35}}},"branchMap":{}},
"contracts/Localidad.sol":{"l":{"11":3,"12":3},"path":"/Users/dvm/Documents/Development/WorkspaceEB/TFE/TruffleProject/contracts/Localidad.sol","s":{"1":3,"2":3},"b":{},"f":{"1":3},"fnMap":{"1":{"name":"constructor","line":10,"loc":{"start":{"line":10,"column":4},"end":{"line":13,"column":4}}}},"statementMap":{"1":{"start":{"line":11,"column":8},"end":{"line":11,"column":37}},"2":{"start":{"line":12,"column":8},"end":{"line":12,"column":33}}},"branchMap":{}},
"contracts/Metadata.sol":{"l":{"14":8,"15":8,"16":8,"20":8},"path":"/Users/dvm/Documents/Development/WorkspaceEB/TFE/TruffleProject/contracts/Metadata.sol","s":{"1":8,"2":8,"3":8,"4":8},"b":{},"f":{"1":8,"2":8,"3":8},"fnMap":{"1":{"name":"constructor","line":10,"loc":{"start":{"line":10,"column":4},"end":{"line":11,"column":4}}},"2":{"name":"mint","line":13,"loc":{"start":{"line":13,"column":4},"end":{"line":17,"column":4}}},"3":{"name":"setTokenURI","line":19,"loc":{"start":{"line":19,"column":4},"end":{"line":21,"column":4}}}},"statementMap":{"1":{"start":{"line":14,"column":8},"end":{"line":14,"column":36}},"2":{"start":{"line":15,"column":8},"end":{"line":15,"column":42}},"3":{"start":{"line":16,"column":8},"end":{"line":16,"column":29}},"4":{"start":{"line":20,"column":8},"end":{"line":20,"column":38}}},"branchMap":{}},
"contracts/Ownable.sol":{"l":{"13":11,"17":37,"18":37,"22":8,"23":8},"path":"/Users/dvm/Documents/Development/WorkspaceEB/TFE/TruffleProject/contracts/Ownable.sol","s":{"1":11,"2":37,"3":8,"4":8},"b":{"1":[37,0],"2":[8,0]},"f":{"1":11,"2":37,"3":8},"fnMap":{"1":{"name":"constructor","line":12,"loc":{"start":{"line":12,"column":4},"end":{"line":14,"column":4}}},"2":{"name":"onlyOwner","line":16,"loc":{"start":{"line":16,"column":4},"end":{"line":19,"column":4}}},"3":{"name":"transferOwnership","line":21,"loc":{"start":{"line":21,"column":4},"end":{"line":24,"column":4}}}},"statementMap":{"1":{"start":{"line":13,"column":8},"end":{"line":13,"column":25}},"2":{"start":{"line":17,"column":8},"end":{"line":17,"column":353}},"3":{"start":{"line":22,"column":8},"end":{"line":22,"column":56}},"4":{"start":{"line":23,"column":8},"end":{"line":23,"column":23}}},"branchMap":{"1":{"line":17,"type":"if","locations":[{"start":{"line":17,"column":8},"end":{"line":17,"column":8}},{"start":{"line":17,"column":8},"end":{"line":17,"column":8}}]},"2":{"line":22,"type":"if","locations":[{"start":{"line":22,"column":8},"end":{"line":22,"column":8}},{"start":{"line":22,"column":8},"end":{"line":22,"column":8}}]}}},
"contracts/Temporada.sol":{"l":{"23":3,"24":3,"25":3,"26":3,"27":3,"28":3,"32":3,"33":3,"34":3,"35":3,"36":3,"37":3,"38":3,"39":3,"40":3,"44":3,"45":3,"46":3,"47":3,"48":3,"49":3,"50":3,"51":3,"55":1,"56":1,"57":1,"59":1,"61":1,"62":1,"63":1,"64":1,"69":6,"70":6,"72":6,"74":6,"75":2,"78":2,"80":2,"81":2,"82":1,"83":1,"84":1,"86":1,"88":2,"89":2,"90":2,"92":2,"97":2,"98":2,"99":2,"100":2,"101":2,"102":2,"103":2,"105":2,"109":1,"110":1},"path":"/Users/dvm/Documents/Development/WorkspaceEB/TFE/TruffleProject/contracts/Temporada.sol","s":{"1":3,"2":3,"3":3,"4":3,"5":3,"6":3,"7":3,"8":3,"9":3,"10":3,"11":3,"12":3,"13":3,"14":3,"15":3,"16":3,"17":3,"18":3,"19":3,"20":3,"21":3,"22":3,"23":3,"24":1,"25":1,"26":1,"27":1,"28":1,"29":1,"30":1,"31":1,"32":6,"33":6,"34":6,"35":6,"36":2,"37":2,"38":2,"39":2,"40":1,"41":1,"42":1,"43":1,"44":1,"45":2,"46":2,"47":2,"48":2,"49":2,"50":2,"51":2,"52":2,"53":2,"54":2,"55":2,"56":2,"57":1,"58":1},"b":{"1":[3,0],"2":[3,0],"3":[3,0],"4":[1,0],"5":[1,0],"6":[1,0],"7":[1,0],"8":[6,0],"9":[6,0],"10":[2,4],"11":[2,0],"12":[1,1],"13":[1,0],"14":[1,0]},"f":{"1":3,"2":3,"3":3,"4":1,"5":6,"6":2,"7":1},"fnMap":{"1":{"name":"constructor","line":22,"loc":{"start":{"line":22,"column":4},"end":{"line":29,"column":4}}},"2":{"name":"creaLocalidad","line":31,"loc":{"start":{"line":31,"column":5},"end":{"line":41,"column":4}}},"3":{"name":"creaEspectaculo","line":43,"loc":{"start":{"line":43,"column":4},"end":{"line":52,"column":4}}},"4":{"name":"compraAbono","line":54,"loc":{"start":{"line":54,"column":4},"end":{"line":66,"column":4}}},"5":{"name":"alquilaAbono","line":68,"loc":{"start":{"line":68,"column":4},"end":{"line":94,"column":4}}},"6":{"name":"creaAbono","line":96,"loc":{"start":{"line":96,"column":4},"end":{"line":106,"column":4}}},"7":{"name":"actualizaFechas","line":108,"loc":{"start":{"line":108,"column":4},"end":{"line":111,"column":4}}}},"statementMap":{"1":{"start":{"line":23,"column":8},"end":{"line":23,"column":29}},"2":{"start":{"line":24,"column":8},"end":{"line":24,"column":31}},"3":{"start":{"line":25,"column":8},"end":{"line":25,"column":39}},"4":{"start":{"line":26,"column":8},"end":{"line":26,"column":51}},"5":{"start":{"line":27,"column":8},"end":{"line":27,"column":47}},"6":{"start":{"line":28,"column":8},"end":{"line":28,"column":58}},"7":{"start":{"line":32,"column":8},"end":{"line":32,"column":110}},"8":{"start":{"line":33,"column":8},"end":{"line":33,"column":131}},"9":{"start":{"line":34,"column":8},"end":{"line":34,"column":113}},"10":{"start":{"line":35,"column":8},"end":{"line":35,"column":53}},"11":{"start":{"line":36,"column":8},"end":{"line":36,"column":28}},"12":{"start":{"line":37,"column":8},"end":{"line":37,"column":45}},"13":{"start":{"line":38,"column":8},"end":{"line":38,"column":41}},"14":{"start":{"line":39,"column":8},"end":{"line":39,"column":48}},"15":{"start":{"line":40,"column":8},"end":{"line":40,"column":66}},"16":{"start":{"line":44,"column":8},"end":{"line":44,"column":111}},"17":{"start":{"line":45,"column":8},"end":{"line":45,"column":128}},"18":{"start":{"line":46,"column":8},"end":{"line":46,"column":58}},"19":{"start":{"line":47,"column":8},"end":{"line":47,"column":30}},"20":{"start":{"line":48,"column":8},"end":{"line":48,"column":49}},"21":{"start":{"line":49,"column":9},"end":{"line":49,"column":44}},"22":{"start":{"line":50,"column":8},"end":{"line":50,"column":52}},"23":{"start":{"line":51,"column":8},"end":{"line":51,"column":73}},"24":{"start":{"line":55,"column":8},"end":{"line":55,"column":99}},"25":{"start":{"line":56,"column":8},"end":{"line":56,"column":89}},"26":{"start":{"line":57,"column":8},"end":{"line":57,"column":113}},"27":{"start":{"line":59,"column":8},"end":{"line":59,"column":135}},"28":{"start":{"line":61,"column":8},"end":{"line":61,"column":3492}},"29":{"start":{"line":62,"column":12},"end":{"line":62,"column":99}},"30":{"start":{"line":63,"column":12},"end":{"line":63,"column":51}},"31":{"start":{"line":64,"column":12},"end":{"line":64,"column":61}},"32":{"start":{"line":69,"column":8},"end":{"line":69,"column":118}},"33":{"start":{"line":70,"column":8},"end":{"line":70,"column":89}},"34":{"start":{"line":72,"column":8},"end":{"line":72,"column":49}},"35":{"start":{"line":74,"column":8},"end":{"line":74,"column":207}},"36":{"start":{"line":75,"column":8},"end":{"line":75,"column":114}},"37":{"start":{"line":78,"column":8},"end":{"line":78,"column":4589}},"38":{"start":{"line":80,"column":12},"end":{"line":80,"column":37}},"39":{"start":{"line":81,"column":12},"end":{"line":81,"column":4703}},"40":{"start":{"line":82,"column":16},"end":{"line":82,"column":98}},"41":{"start":{"line":83,"column":16},"end":{"line":83,"column":73}},"42":{"start":{"line":84,"column":16},"end":{"line":84,"column":81}},"43":{"start":{"line":85,"column":18},"end":{"line":85,"column":5088}},"44":{"start":{"line":86,"column":16},"end":{"line":86,"column":89}},"45":{"start":{"line":88,"column":12},"end":{"line":88,"column":67}},"46":{"start":{"line":89,"column":12},"end":{"line":89,"column":69}},"47":{"start":{"line":90,"column":12},"end":{"line":90,"column":60}},"48":{"start":{"line":92,"column":12},"end":{"line":92,"column":62}},"49":{"start":{"line":97,"column":8},"end":{"line":97,"column":66}},"50":{"start":{"line":98,"column":8},"end":{"line":98,"column":39}},"51":{"start":{"line":99,"column":8},"end":{"line":99,"column":43}},"52":{"start":{"line":100,"column":8},"end":{"line":100,"column":25}},"53":{"start":{"line":101,"column":8},"end":{"line":101,"column":33}},"54":{"start":{"line":102,"column":8},"end":{"line":102,"column":38}},"55":{"start":{"line":103,"column":8},"end":{"line":103,"column":40}},"56":{"start":{"line":105,"column":8},"end":{"line":105,"column":20}},"57":{"start":{"line":109,"column":8},"end":{"line":109,"column":76}},"58":{"start":{"line":110,"column":8},"end":{"line":110,"column":106}}},"branchMap":{"1":{"line":32,"type":"if","locations":[{"start":{"line":32,"column":8},"end":{"line":32,"column":8}},{"start":{"line":32,"column":8},"end":{"line":32,"column":8}}]},"2":{"line":33,"type":"if","locations":[{"start":{"line":33,"column":8},"end":{"line":33,"column":8}},{"start":{"line":33,"column":8},"end":{"line":33,"column":8}}]},"3":{"line":44,"type":"if","locations":[{"start":{"line":44,"column":8},"end":{"line":44,"column":8}},{"start":{"line":44,"column":8},"end":{"line":44,"column":8}}]},"4":{"line":55,"type":"if","locations":[{"start":{"line":55,"column":8},"end":{"line":55,"column":8}},{"start":{"line":55,"column":8},"end":{"line":55,"column":8}}]},"5":{"line":56,"type":"if","locations":[{"start":{"line":56,"column":8},"end":{"line":56,"column":8}},{"start":{"line":56,"column":8},"end":{"line":56,"column":8}}]},"6":{"line":57,"type":"if","locations":[{"start":{"line":57,"column":8},"end":{"line":57,"column":8}},{"start":{"line":57,"column":8},"end":{"line":57,"column":8}}]},"7":{"line":61,"type":"if","locations":[{"start":{"line":61,"column":8},"end":{"line":61,"column":8}},{"start":{"line":61,"column":8},"end":{"line":61,"column":8}}]},"8":{"line":69,"type":"if","locations":[{"start":{"line":69,"column":8},"end":{"line":69,"column":8}},{"start":{"line":69,"column":8},"end":{"line":69,"column":8}}]},"9":{"line":70,"type":"if","locations":[{"start":{"line":70,"column":8},"end":{"line":70,"column":8}},{"start":{"line":70,"column":8},"end":{"line":70,"column":8}}]},"10":{"line":74,"type":"if","locations":[{"start":{"line":74,"column":8},"end":{"line":74,"column":8}},{"start":{"line":74,"column":8},"end":{"line":74,"column":8}}]},"11":{"line":78,"type":"if","locations":[{"start":{"line":78,"column":8},"end":{"line":78,"column":8}},{"start":{"line":78,"column":8},"end":{"line":78,"column":8}}]},"12":{"line":81,"type":"if","locations":[{"start":{"line":81,"column":12},"end":{"line":81,"column":12}},{"start":{"line":81,"column":12},"end":{"line":81,"column":12}}]},"13":{"line":82,"type":"if","locations":[{"start":{"line":82,"column":16},"end":{"line":82,"column":16}},{"start":{"line":82,"column":16},"end":{"line":82,"column":16}}]},"14":{"line":85,"type":"if","locations":[{"start":{"line":85,"column":18},"end":{"line":85,"column":18}},{"start":{"line":85,"column":18},"end":{"line":85,"column":18}}]}}}}
