TN:
SF:/Users/dvm/Documents/Development/WorkspaceEB/TFE/TruffleProject/contracts/Abono.sol
FN:17,soloAbonadoYTemporada
FN:22,soloTemporada
FN:27,constructor
FN:32,actualizaFechas
FN:37,estaDisponibleAlquiler
FN:50,estableceAlquier
FNF:6
FNH:6
FNDA:3,soloAbonadoYTemporada
FNDA:2,soloTemporada
FNDA:2,constructor
FNDA:3,actualizaFechas
FNDA:5,estaDisponibleAlquiler
FNDA:2,estableceAlquier
DA:18,3
DA:19,3
DA:23,2
DA:24,2
DA:28,2
DA:29,2
DA:33,3
DA:34,3
DA:38,5
DA:39,2
DA:41,0
DA:43,0
DA:45,1
DA:47,2
DA:51,2
LF:15
LH:13
BRDA:18,1,0,3
BRDA:18,1,1,0
BRDA:23,2,0,2
BRDA:23,2,1,0
BRDA:38,3,0,2
BRDA:38,3,1,3
BRDA:40,4,0,0
BRDA:40,4,1,3
BRDA:42,5,0,0
BRDA:42,5,1,3
BRDA:44,6,0,1
BRDA:44,6,1,2
BRF:12
BRH:8
end_of_record
TN:
SF:/Users/dvm/Documents/Development/WorkspaceEB/TFE/TruffleProject/contracts/contracts/introspection/ERC165.sol
FN:27,constructor
FN:36,supportsInterface
FN:47,_registerInterface
FNF:3
FNH:2
FNDA:8,constructor
FNDA:0,supportsInterface
FNDA:24,_registerInterface
DA:30,8
DA:41,0
DA:50,24
DA:51,24
LF:4
LH:3
BRDA:50,1,0,24
BRDA:50,1,1,0
BRF:2
BRH:1
end_of_record
TN:
SF:/Users/dvm/Documents/Development/WorkspaceEB/TFE/TruffleProject/contracts/contracts/introspection/IERC165.sol
FNF:0
FNH:0
LF:0
LH:0
BRF:0
BRH:0
end_of_record
TN:
SF:/Users/dvm/Documents/Development/WorkspaceEB/TFE/TruffleProject/contracts/contracts/math/SafeMath.sol
FN:12,mul
FN:29,div
FN:40,sub
FN:50,add
FN:61,mod
FNF:5
FNH:2
FNDA:0,mul
FNDA:0,div
FNDA:12,sub
FNDA:20,add
FNDA:0,mod
DA:16,0
DA:17,0
DA:20,0
DA:21,0
DA:23,0
DA:30,0
DA:31,0
DA:34,0
DA:41,12
DA:42,12
DA:44,12
DA:51,20
DA:52,20
DA:54,20
DA:62,0
DA:63,0
LF:16
LH:6
BRDA:16,1,0,0
BRDA:16,1,1,0
BRDA:21,2,0,0
BRDA:21,2,1,0
BRDA:30,3,0,0
BRDA:30,3,1,0
BRDA:41,4,0,12
BRDA:41,4,1,0
BRDA:52,5,0,20
BRDA:52,5,1,0
BRDA:62,6,0,0
BRDA:62,6,1,0
BRF:12
BRH:2
end_of_record
TN:
SF:/Users/dvm/Documents/Development/WorkspaceEB/TFE/TruffleProject/contracts/contracts/token/ERC20/ERC20.sol
FN:25,totalSupply
FN:34,balanceOf
FN:44,allowance
FN:60,transfer
FN:74,approve
FN:88,transferFrom
FN:112,increaseAllowance
FN:136,decreaseAllowance
FN:157,_transfer
FN:173,_mint
FN:186,_burn
FN:202,_burnFrom
FNF:12
FNH:5
FNDA:0,totalSupply
FNDA:7,balanceOf
FNDA:0,allowance
FNDA:0,transfer
FNDA:4,approve
FNDA:6,transferFrom
FNDA:0,increaseAllowance
FNDA:0,decreaseAllowance
FNDA:6,_transfer
FNDA:3,_mint
FNDA:0,_burn
FNDA:0,_burnFrom
DA:26,0
DA:35,7
DA:52,0
DA:61,0
DA:62,0
DA:75,4
DA:77,4
DA:78,4
DA:79,4
DA:96,6
DA:98,6
DA:99,6
DA:100,6
DA:119,0
DA:121,0
DA:123,0
DA:124,0
DA:143,0
DA:145,0
DA:147,0
DA:148,0
DA:158,6
DA:159,6
DA:161,6
DA:162,6
DA:163,6
DA:174,3
DA:175,3
DA:176,3
DA:177,3
DA:187,0
DA:188,0
DA:190,0
DA:191,0
DA:192,0
DA:203,0
DA:207,0
DA:209,0
LF:38
LH:18
BRDA:75,1,0,4
BRDA:75,1,1,0
BRDA:96,2,0,6
BRDA:96,2,1,0
BRDA:119,3,0,0
BRDA:119,3,1,0
BRDA:143,4,0,0
BRDA:143,4,1,0
BRDA:158,5,0,6
BRDA:158,5,1,0
BRDA:159,6,0,6
BRDA:159,6,1,0
BRDA:174,7,0,3
BRDA:174,7,1,0
BRDA:187,8,0,0
BRDA:187,8,1,0
BRDA:188,9,0,0
BRDA:188,9,1,0
BRDA:203,10,0,0
BRDA:203,10,1,0
BRF:20
BRH:5
end_of_record
TN:
SF:/Users/dvm/Documents/Development/WorkspaceEB/TFE/TruffleProject/contracts/contracts/token/ERC20/IERC20.sol
FNF:0
FNH:0
LF:0
LH:0
BRF:0
BRH:0
end_of_record
TN:
SF:/Users/dvm/Documents/Development/WorkspaceEB/TFE/TruffleProject/contracts/contracts/token/ERC721/ERC721.sol
FN:48,constructor
FN:60,balanceOf
FN:70,ownerOf
FN:84,approve
FN:99,getApproved
FN:110,setApprovalForAll
FN:122,isApprovedForAll
FN:141,transferFrom
FN:170,safeTransferFrom
FN:193,safeTransferFrom
FN:211,_exists
FN:223,_isApprovedOrOwner
FN:248,_mint
FN:259,_burn
FN:272,_addTokenTo
FN:286,_removeTokenFrom
FN:301,_checkOnERC721Received
FN:324,_clearApproval
FNF:18
FNH:4
FNDA:8,constructor
FNDA:0,balanceOf
FNDA:0,ownerOf
FNDA:0,approve
FNDA:0,getApproved
FNDA:0,setApprovalForAll
FNDA:0,isApprovedForAll
FNDA:0,transferFrom
FNDA:0,safeTransferFrom
FNDA:0,safeTransferFrom
FNDA:8,_exists
FNDA:0,_isApprovedOrOwner
FNDA:8,_mint
FNDA:0,_burn
FNDA:8,_addTokenTo
FNDA:0,_removeTokenFrom
FNDA:0,_checkOnERC721Received
FNDA:0,_clearApproval
DA:52,8
DA:61,0
DA:62,0
DA:71,0
DA:72,0
DA:73,0
DA:85,0
DA:86,0
DA:87,0
DA:89,0
DA:90,0
DA:100,0
DA:101,0
DA:111,0
DA:112,0
DA:113,0
DA:130,0
DA:148,0
DA:149,0
DA:151,0
DA:152,0
DA:153,0
DA:155,0
DA:178,0
DA:201,0
DA:203,0
DA:212,8
DA:213,8
DA:231,0
DA:235,0
DA:249,8
DA:250,8
DA:251,8
DA:260,0
DA:261,0
DA:262,0
DA:273,8
DA:274,8
DA:275,8
DA:287,0
DA:288,0
DA:289,0
DA:310,0
DA:311,0
DA:313,0
DA:315,0
DA:325,0
DA:326,0
DA:327,0
LF:49
LH:9
BRDA:61,1,0,0
BRDA:61,1,1,0
BRDA:72,2,0,0
BRDA:72,2,1,0
BRDA:86,3,0,0
BRDA:86,3,1,0
BRDA:87,4,0,0
BRDA:87,4,1,0
BRDA:100,5,0,0
BRDA:100,5,1,0
BRDA:111,6,0,0
BRDA:111,6,1,0
BRDA:148,7,0,0
BRDA:148,7,1,0
BRDA:149,8,0,0
BRDA:149,8,1,0
BRDA:203,9,0,0
BRDA:203,9,1,0
BRDA:249,10,0,8
BRDA:249,10,1,0
BRDA:273,11,0,8
BRDA:273,11,1,0
BRDA:287,12,0,0
BRDA:287,12,1,0
BRDA:310,13,0,0
BRDA:310,13,1,0
BRDA:325,14,0,0
BRDA:325,14,1,0
BRDA:326,15,0,0
BRDA:326,15,1,0
BRF:30
BRH:2
end_of_record
TN:
SF:/Users/dvm/Documents/Development/WorkspaceEB/TFE/TruffleProject/contracts/contracts/token/ERC721/ERC721Metadata.sol
FN:28,constructor
FN:40,name
FN:48,symbol
FN:57,tokenURI
FN:68,_setTokenURI
FN:79,_burn
FNF:6
FNH:2
FNDA:8,constructor
FNDA:0,name
FNDA:0,symbol
FNDA:0,tokenURI
FNDA:8,_setTokenURI
FNDA:0,_burn
DA:29,8
DA:30,8
DA:33,8
DA:41,0
DA:49,0
DA:58,0
DA:59,0
DA:69,8
DA:70,8
DA:80,0
DA:83,0
DA:84,0
LF:12
LH:5
BRDA:58,1,0,0
BRDA:58,1,1,0
BRDA:69,2,0,8
BRDA:69,2,1,0
BRDA:83,3,0,0
BRDA:83,3,1,0
BRF:6
BRH:1
end_of_record
TN:
SF:/Users/dvm/Documents/Development/WorkspaceEB/TFE/TruffleProject/contracts/contracts/token/ERC721/IERC721.sol
FNF:0
FNH:0
LF:0
LH:0
BRF:0
BRH:0
end_of_record
TN:
SF:/Users/dvm/Documents/Development/WorkspaceEB/TFE/TruffleProject/contracts/contracts/token/ERC721/IERC721Metadata.sol
FNF:0
FNH:0
LF:0
LH:0
BRF:0
BRH:0
end_of_record
TN:
SF:/Users/dvm/Documents/Development/WorkspaceEB/TFE/TruffleProject/contracts/contracts/token/ERC721/IERC721Receiver.sol
FNF:0
FNH:0
LF:0
LH:0
BRF:0
BRH:0
end_of_record
TN:
SF:/Users/dvm/Documents/Development/WorkspaceEB/TFE/TruffleProject/contracts/contracts/utils/Address.sol
FN:15,isContract
FNF:1
FNH:0
FNDA:0,isContract
DA:16,0
DA:24,0
DA:25,0
LF:3
LH:0
BRF:0
BRH:0
end_of_record
TN:
SF:/Users/dvm/Documents/Development/WorkspaceEB/TFE/TruffleProject/contracts/DAbono.sol
FN:10,constructor
FNF:1
FNH:1
FNDA:3,constructor
DA:11,3
LF:1
LH:1
BRF:0
BRH:0
end_of_record
TN:
SF:/Users/dvm/Documents/Development/WorkspaceEB/TFE/TruffleProject/contracts/DatosTemporada.sol
FN:23,iniciaPeriodoAbono
FN:28,iniciaTemporada
FN:33,finalizaTemporada
FNF:3
FNH:3
FNDA:2,iniciaPeriodoAbono
FNDA:2,iniciaTemporada
FNDA:3,finalizaTemporada
DA:24,2
DA:25,2
DA:29,2
DA:30,2
DA:34,3
DA:35,1
LF:6
LH:6
BRDA:24,1,0,2
BRDA:24,1,1,0
BRDA:29,2,0,2
BRDA:29,2,1,0
BRDA:34,3,0,1
BRDA:34,3,1,2
BRF:6
BRH:4
end_of_record
TN:
SF:/Users/dvm/Documents/Development/WorkspaceEB/TFE/TruffleProject/contracts/Espectaculo.sol
FN:10,constructor
FNF:1
FNH:1
FNDA:3,constructor
DA:11,3
DA:12,3
LF:2
LH:2
BRF:0
BRH:0
end_of_record
TN:
SF:/Users/dvm/Documents/Development/WorkspaceEB/TFE/TruffleProject/contracts/Localidad.sol
FN:10,constructor
FNF:1
FNH:1
FNDA:3,constructor
DA:11,3
DA:12,3
LF:2
LH:2
BRF:0
BRH:0
end_of_record
TN:
SF:/Users/dvm/Documents/Development/WorkspaceEB/TFE/TruffleProject/contracts/Metadata.sol
FN:10,constructor
FN:13,mint
FN:19,setTokenURI
FNF:3
FNH:3
FNDA:8,constructor
FNDA:8,mint
FNDA:8,setTokenURI
DA:14,8
DA:15,8
DA:16,8
DA:20,8
LF:4
LH:4
BRF:0
BRH:0
end_of_record
TN:
SF:/Users/dvm/Documents/Development/WorkspaceEB/TFE/TruffleProject/contracts/Ownable.sol
FN:12,constructor
FN:16,onlyOwner
FN:21,transferOwnership
FNF:3
FNH:3
FNDA:11,constructor
FNDA:37,onlyOwner
FNDA:8,transferOwnership
DA:13,11
DA:17,37
DA:18,37
DA:22,8
DA:23,8
LF:5
LH:5
BRDA:17,1,0,37
BRDA:17,1,1,0
BRDA:22,2,0,8
BRDA:22,2,1,0
BRF:4
BRH:2
end_of_record
TN:
SF:/Users/dvm/Documents/Development/WorkspaceEB/TFE/TruffleProject/contracts/Temporada.sol
FN:22,constructor
FN:31,creaLocalidad
FN:43,creaEspectaculo
FN:54,compraAbono
FN:68,alquilaAbono
FN:96,creaAbono
FN:108,actualizaFechas
FNF:7
FNH:7
FNDA:3,constructor
FNDA:3,creaLocalidad
FNDA:3,creaEspectaculo
FNDA:1,compraAbono
FNDA:6,alquilaAbono
FNDA:2,creaAbono
FNDA:1,actualizaFechas
DA:23,3
DA:24,3
DA:25,3
DA:26,3
DA:27,3
DA:28,3
DA:32,3
DA:33,3
DA:34,3
DA:35,3
DA:36,3
DA:37,3
DA:38,3
DA:39,3
DA:40,3
DA:44,3
DA:45,3
DA:46,3
DA:47,3
DA:48,3
DA:49,3
DA:50,3
DA:51,3
DA:55,1
DA:56,1
DA:57,1
DA:59,1
DA:61,1
DA:62,1
DA:63,1
DA:64,1
DA:69,6
DA:70,6
DA:72,6
DA:74,6
DA:75,2
DA:78,2
DA:80,2
DA:81,2
DA:82,1
DA:83,1
DA:84,1
DA:86,1
DA:88,2
DA:89,2
DA:90,2
DA:92,2
DA:97,2
DA:98,2
DA:99,2
DA:100,2
DA:101,2
DA:102,2
DA:103,2
DA:105,2
DA:109,1
DA:110,1
LF:57
LH:57
BRDA:32,1,0,3
BRDA:32,1,1,0
BRDA:33,2,0,3
BRDA:33,2,1,0
BRDA:44,3,0,3
BRDA:44,3,1,0
BRDA:55,4,0,1
BRDA:55,4,1,0
BRDA:56,5,0,1
BRDA:56,5,1,0
BRDA:57,6,0,1
BRDA:57,6,1,0
BRDA:61,7,0,1
BRDA:61,7,1,0
BRDA:69,8,0,6
BRDA:69,8,1,0
BRDA:70,9,0,6
BRDA:70,9,1,0
BRDA:74,10,0,2
BRDA:74,10,1,4
BRDA:78,11,0,2
BRDA:78,11,1,0
BRDA:81,12,0,1
BRDA:81,12,1,1
BRDA:82,13,0,1
BRDA:82,13,1,0
BRDA:85,14,0,1
BRDA:85,14,1,0
BRF:28
BRH:16
end_of_record
